<?xml version="1.0" encoding="UTF-8"?>
<!-- Generated by org.testng.reporters.JUnitXMLReporter -->
<testsuite ignored="0" hostname="DESKTOP-KP769BJ" failures="1" tests="3" name="Test" time="80.541" errors="0" timestamp="2021-08-19T14:20:06 IST">
  <testcase classname="testScripts.AddingProductCart" name="testCase1" time="5.059"/>
  <testcase classname="testScripts.TestingPageFacebooklink" name="TestCase1" time="15.156">
    <failure type="org.openqa.selenium.ElementClickInterceptedException" message="element click intercepted: Element &amp;lt;a dir=&amp;quot;ltr&amp;quot; href=&amp;quot;#&amp;quot; lang=&amp;quot;en&amp;quot; onclick=&amp;quot;require(&amp;amp;quot;IntlUtils&amp;amp;quot;).setCookieLocale(&amp;amp;quot;en_GB&amp;amp;quot;, &amp;amp;quot;kn_IN&amp;amp;quot;, &amp;amp;quot;https:\/\/en-gb.facebook.com\/SkillRary-239765376715126\/&amp;amp;quot;, &amp;amp;quot;www_card_selector&amp;amp;quot;, 3); return false;&amp;quot; title=&amp;quot;...&amp;quot; class=&amp;quot;_5f4c&amp;quot; role=&amp;quot;button&amp;quot;&amp;gt;English (UK)&amp;lt;/a&amp;gt; is not clickable at point (1078, 642). Other element would receive the click: &amp;lt;div class=&amp;quot;_3ob9&amp;quot; id=&amp;quot;u_0_15_wT&amp;quot;&amp;gt;...&amp;lt;/div&amp;gt;
  (Session info: chrome=92.0.4515.159)
Build info: version: &amp;apos;3.141.59&amp;apos;, revision: &amp;apos;e82be7d358&amp;apos;, time: &amp;apos;2018-11-14T08:17:03&amp;apos;
System info: host: &amp;apos;DESKTOP-KP769BJ&amp;apos;, ip: &amp;apos;192.168.43.5&amp;apos;, os.name: &amp;apos;Windows 10&amp;apos;, os.arch: &amp;apos;amd64&amp;apos;, os.version: &amp;apos;10.0&amp;apos;, java.version: &amp;apos;14&amp;apos;
Driver info: org.openqa.selenium.chrome.ChromeDriver
Capabilities {acceptInsecureCerts: false, browserName: chrome, browserVersion: 92.0.4515.159, chrome: {chromedriverVersion: 92.0.4515.107 (87a818b10553..., userDataDir: C:\Users\Surajit\AppData\Lo...}, goog:chromeOptions: {debuggerAddress: localhost:65328}, javascriptEnabled: true, networkConnectionEnabled: false, pageLoadStrategy: normal, platform: WINDOWS, platformName: WINDOWS, proxy: Proxy(), setWindowRect: true, strictFileInteractability: false, timeouts: {implicit: 0, pageLoad: 300000, script: 30000}, unhandledPromptBehavior: dismiss and notify, webauthn:extension:credBlob: true, webauthn:extension:largeBlob: true, webauthn:virtualAuthenticators: true}
Session ID: a6c1ecd463e6c1ee41fa9a5ca476c51a">
      <![CDATA[org.openqa.selenium.ElementClickInterceptedException: element click intercepted: Element <a dir="ltr" href="#" lang="en" onclick="require(&quot;IntlUtils&quot;).setCookieLocale(&quot;en_GB&quot;, &quot;kn_IN&quot;, &quot;https:\/\/en-gb.facebook.com\/SkillRary-239765376715126\/&quot;, &quot;www_card_selector&quot;, 3); return false;" title="..." class="_5f4c" role="button">English (UK)</a> is not clickable at point (1078, 642). Other element would receive the click: <div class="_3ob9" id="u_0_15_wT">...</div>
  (Session info: chrome=92.0.4515.159)
Build info: version: '3.141.59', revision: 'e82be7d358', time: '2018-11-14T08:17:03'
System info: host: 'DESKTOP-KP769BJ', ip: '192.168.43.5', os.name: 'Windows 10', os.arch: 'amd64', os.version: '10.0', java.version: '14'
Driver info: org.openqa.selenium.chrome.ChromeDriver
Capabilities {acceptInsecureCerts: false, browserName: chrome, browserVersion: 92.0.4515.159, chrome: {chromedriverVersion: 92.0.4515.107 (87a818b10553..., userDataDir: C:\Users\Surajit\AppData\Lo...}, goog:chromeOptions: {debuggerAddress: localhost:65328}, javascriptEnabled: true, networkConnectionEnabled: false, pageLoadStrategy: normal, platform: WINDOWS, platformName: WINDOWS, proxy: Proxy(), setWindowRect: true, strictFileInteractability: false, timeouts: {implicit: 0, pageLoad: 300000, script: 30000}, unhandledPromptBehavior: dismiss and notify, webauthn:extension:credBlob: true, webauthn:extension:largeBlob: true, webauthn:virtualAuthenticators: true}
Session ID: a6c1ecd463e6c1ee41fa9a5ca476c51a
at org.openqa.selenium.remote.http.W3CHttpResponseCodec.createException(W3CHttpResponseCodec.java:187)
at org.openqa.selenium.remote.http.W3CHttpResponseCodec.decode(W3CHttpResponseCodec.java:122)
at org.openqa.selenium.remote.http.W3CHttpResponseCodec.decode(W3CHttpResponseCodec.java:49)
at org.openqa.selenium.remote.HttpCommandExecutor.execute(HttpCommandExecutor.java:158)
at org.openqa.selenium.remote.service.DriverCommandExecutor.execute(DriverCommandExecutor.java:83)
at org.openqa.selenium.remote.RemoteWebDriver.execute(RemoteWebDriver.java:552)
at org.openqa.selenium.remote.RemoteWebElement.execute(RemoteWebElement.java:285)
at org.openqa.selenium.remote.RemoteWebElement.click(RemoteWebElement.java:84)
at org.openqa.selenium.support.pagefactory.internal.LocatingElementHandler.invoke(LocatingElementHandler.java:51)
at com.sun.proxy.$Proxy13.click(Unknown Source)
at pomPages.FacebookLoginPage.englishButton(FacebookLoginPage.java:24)
at testScripts.TestingPageFacebooklink.TestCase1(TestingPageFacebooklink.java:42)
at java.base/java.util.ArrayList.forEach(ArrayList.java:1510)
... Removed 36 stack frames]]>
    </failure>
  </testcase> <!-- TestCase1 -->
  <testcase classname="testScripts.TakeTheCourseTest" name="Testcase3" time="31.108"/>
</testsuite> <!-- Test -->
